\BOOKMARK [1][-]{section.1}{General Manual}{}% 1
\BOOKMARK [2][-]{subsection.1.1}{Skipped sections}{section.1}% 2
\BOOKMARK [2][-]{subsection.1.2}{My custom setup}{section.1}% 3
\BOOKMARK [2][-]{subsection.1.3}{Audio}{section.1}% 4
\BOOKMARK [3][-]{subsubsection.1.3.1}{Quality}{subsection.1.3}% 5
\BOOKMARK [3][-]{subsubsection.1.3.2}{Useful Processing}{subsection.1.3}% 6
\BOOKMARK [2][-]{subsection.1.4}{MIDI}{section.1}% 7
\BOOKMARK [3][-]{subsubsection.1.4.1}{Input}{subsection.1.4}% 8
\BOOKMARK [3][-]{subsubsection.1.4.2}{Import}{subsection.1.4}% 9
\BOOKMARK [3][-]{subsubsection.1.4.3}{Export}{subsection.1.4}% 10
\BOOKMARK [3][-]{subsubsection.1.4.4}{Editors}{subsection.1.4}% 11
\BOOKMARK [3][-]{subsubsection.1.4.5}{Expression Maps}{subsection.1.4}% 12
\BOOKMARK [3][-]{subsubsection.1.4.6}{Note Expression}{subsection.1.4}% 13
\BOOKMARK [3][-]{subsubsection.1.4.7}{Useful functions from the MIDI menu}{subsection.1.4}% 14
\BOOKMARK [2][-]{subsection.1.5}{Special Tracks}{section.1}% 15
\BOOKMARK [3][-]{subsubsection.1.5.1}{Arranger Track}{subsection.1.5}% 16
\BOOKMARK [3][-]{subsubsection.1.5.2}{Chord Track}{subsection.1.5}% 17
\BOOKMARK [3][-]{subsubsection.1.5.3}{Input Tracks}{subsection.1.5}% 18
\BOOKMARK [3][-]{subsubsection.1.5.4}{Multitrack}{subsection.1.5}% 19
\BOOKMARK [3][-]{subsubsection.1.5.5}{Sampler Track}{subsection.1.5}% 20
\BOOKMARK [3][-]{subsubsection.1.5.6}{Signature}{subsection.1.5}% 21
\BOOKMARK [3][-]{subsubsection.1.5.7}{Tempo}{subsection.1.5}% 22
\BOOKMARK [3][-]{subsubsection.1.5.8}{Transpose}{subsection.1.5}% 23
\BOOKMARK [3][-]{subsubsection.1.5.9}{VCA Faders}{subsection.1.5}% 24
\BOOKMARK [3][-]{subsubsection.1.5.10}{Video}{subsection.1.5}% 25
\BOOKMARK [2][-]{subsection.1.6}{Sampler Control}{section.1}% 26
\BOOKMARK [2][-]{subsection.1.7}{Chord Pads}{section.1}% 27
\BOOKMARK [2][-]{subsection.1.8}{Events}{section.1}% 28
\BOOKMARK [3][-]{subsubsection.1.8.1}{Audio \(and alignment\)}{subsection.1.8}% 29
\BOOKMARK [2][-]{subsection.1.9}{Effects}{section.1}% 30
\BOOKMARK [3][-]{subsubsection.1.9.1}{Offline Processing}{subsection.1.9}% 31
\BOOKMARK [3][-]{subsubsection.1.9.2}{Insert Effects}{subsection.1.9}% 32
\BOOKMARK [3][-]{subsubsection.1.9.3}{Send Effects}{subsection.1.9}% 33
\BOOKMARK [3][-]{subsubsection.1.9.4}{Side-Chain Input}{subsection.1.9}% 34
\BOOKMARK [3][-]{subsubsection.1.9.5}{Extensions}{subsection.1.9}% 35
\BOOKMARK [2][-]{subsection.1.10}{Automation Panel}{section.1}% 36
\BOOKMARK [2][-]{subsection.1.11}{Control Room}{section.1}% 37
\BOOKMARK [2][-]{subsection.1.12}{Media Bay}{section.1}% 38
\BOOKMARK [2][-]{subsection.1.13}{Mixing and Mastering}{section.1}% 39
\BOOKMARK [3][-]{subsubsection.1.13.1}{Mix Consoles}{subsection.1.13}% 40
\BOOKMARK [3][-]{subsubsection.1.13.2}{Channel Settings \(e\)}{subsection.1.13}% 41
\BOOKMARK [3][-]{subsubsection.1.13.3}{Metering}{subsection.1.13}% 42
\BOOKMARK [2][-]{subsection.1.14}{Audio Export}{section.1}% 43
\BOOKMARK [2][-]{subsection.1.15}{Exporting and Archiving Projects}{section.1}% 44
\BOOKMARK [2][-]{subsection.1.16}{Tips for efficient workflow}{section.1}% 45
\BOOKMARK [3][-]{subsubsection.1.16.1}{Lanes}{subsection.1.16}% 46
\BOOKMARK [3][-]{subsubsection.1.16.2}{Track Versions}{subsection.1.16}% 47
\BOOKMARK [3][-]{subsubsection.1.16.3}{Jamming}{subsection.1.16}% 48
\BOOKMARK [3][-]{subsubsection.1.16.4}{Logical Editor}{subsection.1.16}% 49
\BOOKMARK [3][-]{subsubsection.1.16.5}{Project Logical Editor}{subsection.1.16}% 50
\BOOKMARK [3][-]{subsubsection.1.16.6}{Shortcuts}{subsection.1.16}% 51
\BOOKMARK [1][-]{section.2}{VST Plug-ins}{}% 52
\BOOKMARK [2][-]{subsection.2.1}{Instruments}{section.2}% 53
\BOOKMARK [3][-]{subsubsection.2.1.1}{Padshop 2}{subsection.2.1}% 54
\BOOKMARK [2][-]{subsection.2.2}{Effects}{section.2}% 55
\BOOKMARK [3][-]{subsubsection.2.2.1}{Delay}{subsection.2.2}% 56
\BOOKMARK [3][-]{subsubsection.2.2.2}{Distortion}{subsection.2.2}% 57
\BOOKMARK [3][-]{subsubsection.2.2.3}{Dynamics}{subsection.2.2}% 58
\BOOKMARK [3][-]{subsubsection.2.2.4}{Filters}{subsection.2.2}% 59
\BOOKMARK [3][-]{subsubsection.2.2.5}{Mastering}{subsection.2.2}% 60
\BOOKMARK [3][-]{subsubsection.2.2.6}{External Effects}{subsection.2.2}% 61
\BOOKMARK [3][-]{subsubsection.2.2.7}{Modulation}{subsection.2.2}% 62
\BOOKMARK [3][-]{subsubsection.2.2.8}{Pitch Shifter}{subsection.2.2}% 63
\BOOKMARK [3][-]{subsubsection.2.2.9}{Spatial + Panner}{subsection.2.2}% 64
\BOOKMARK [2][-]{subsection.2.3}{MIDI Effects}{section.2}% 65
\BOOKMARK [1][-]{section.3}{Looks like a bug, but isn't}{}% 66
\BOOKMARK [1][-]{section.4}{Scores}{}% 67
\BOOKMARK [2][-]{subsection.4.1}{Basics}{section.4}% 68
\BOOKMARK [2][-]{subsection.4.2}{Display Quantize}{section.4}% 69
\BOOKMARK [2][-]{subsection.4.3}{Export}{section.4}% 70
\BOOKMARK [1][-]{section.5}{Next important points}{}% 71
